0 info it worked if it ends with ok
1 verbose cli [ '/usr/bin/nodejs', '/usr/bin/npm', 'install' ]
2 info using npm@1.3.10
3 info using node@v0.10.25
4 warn package.json queuing_system_in_js@1.0.0 No repository field.
5 verbose readDependencies using package.json deps
6 verbose install where, deps [ '/root/alx-backend/0x03-queuing_system_in_js',
6 verbose install   [ 'chai-http',
6 verbose install     'express',
6 verbose install     'kue',
6 verbose install     'redis',
6 verbose install     '@babel/cli',
6 verbose install     '@babel/core',
6 verbose install     '@babel/node',
6 verbose install     '@babel/preset-env',
6 verbose install     '@babel/register',
6 verbose install     'eslint',
6 verbose install     'eslint-config-airbnb-base',
6 verbose install     'eslint-plugin-import',
6 verbose install     'eslint-plugin-jest',
6 verbose install     'nodemon',
6 verbose install     'chai',
6 verbose install     'mocha',
6 verbose install     'request',
6 verbose install     'sinon' ] ]
7 info preinstall queuing_system_in_js@1.0.0
8 verbose readDependencies using package.json deps
9 verbose cache add [ 'kue@^0.11.6', null ]
10 verbose cache add name=undefined spec="kue@^0.11.6" args=["kue@^0.11.6",null]
11 verbose parsed url { protocol: null,
11 verbose parsed url   slashes: null,
11 verbose parsed url   auth: null,
11 verbose parsed url   host: null,
11 verbose parsed url   port: null,
11 verbose parsed url   hostname: null,
11 verbose parsed url   hash: null,
11 verbose parsed url   search: null,
11 verbose parsed url   query: null,
11 verbose parsed url   pathname: 'kue@^0.11.6',
11 verbose parsed url   path: 'kue@^0.11.6',
11 verbose parsed url   href: 'kue@^0.11.6' }
12 verbose cache add name="kue" spec="^0.11.6" args=["kue","^0.11.6"]
13 verbose parsed url { protocol: null,
13 verbose parsed url   slashes: null,
13 verbose parsed url   auth: null,
13 verbose parsed url   host: null,
13 verbose parsed url   port: null,
13 verbose parsed url   hostname: null,
13 verbose parsed url   hash: null,
13 verbose parsed url   search: null,
13 verbose parsed url   query: null,
13 verbose parsed url   pathname: '^0.11.6',
13 verbose parsed url   path: '^0.11.6',
13 verbose parsed url   href: '^0.11.6' }
14 verbose addNamed [ 'kue', '^0.11.6' ]
15 verbose addNamed [ null, '>=0.11.6-0 <0.12.0-0' ]
16 verbose cache add [ 'redis@^2.8.0', null ]
17 verbose cache add name=undefined spec="redis@^2.8.0" args=["redis@^2.8.0",null]
18 verbose parsed url { protocol: null,
18 verbose parsed url   slashes: null,
18 verbose parsed url   auth: null,
18 verbose parsed url   host: null,
18 verbose parsed url   port: null,
18 verbose parsed url   hostname: null,
18 verbose parsed url   hash: null,
18 verbose parsed url   search: null,
18 verbose parsed url   query: null,
18 verbose parsed url   pathname: 'redis@^2.8.0',
18 verbose parsed url   path: 'redis@^2.8.0',
18 verbose parsed url   href: 'redis@^2.8.0' }
19 verbose cache add name="redis" spec="^2.8.0" args=["redis","^2.8.0"]
20 verbose parsed url { protocol: null,
20 verbose parsed url   slashes: null,
20 verbose parsed url   auth: null,
20 verbose parsed url   host: null,
20 verbose parsed url   port: null,
20 verbose parsed url   hostname: null,
20 verbose parsed url   hash: null,
20 verbose parsed url   search: null,
20 verbose parsed url   query: null,
20 verbose parsed url   pathname: '^2.8.0',
20 verbose parsed url   path: '^2.8.0',
20 verbose parsed url   href: '^2.8.0' }
21 verbose addNamed [ 'redis', '^2.8.0' ]
22 verbose addNamed [ null, '>=2.8.0-0 <3.0.0-0' ]
23 silly lockFile b9c7fdfa-kue-0-11-6 kue@^0.11.6
24 verbose lock kue@^0.11.6 /root/.npm/b9c7fdfa-kue-0-11-6.lock
25 verbose cache add [ '@babel/cli@^7.8.0', null ]
26 verbose cache add name=undefined spec="@babel/cli@^7.8.0" args=["@babel/cli@^7.8.0",null]
27 verbose parsed url { protocol: null,
27 verbose parsed url   slashes: null,
27 verbose parsed url   auth: null,
27 verbose parsed url   host: null,
27 verbose parsed url   port: null,
27 verbose parsed url   hostname: null,
27 verbose parsed url   hash: null,
27 verbose parsed url   search: null,
27 verbose parsed url   query: null,
27 verbose parsed url   pathname: '@babel/cli@^7.8.0',
27 verbose parsed url   path: '@babel/cli@^7.8.0',
27 verbose parsed url   href: '@babel/cli@^7.8.0' }
28 verbose cache add name="" spec="babel/cli@^7.8.0" args=["","babel/cli@^7.8.0"]
29 verbose parsed url { protocol: null,
29 verbose parsed url   slashes: null,
29 verbose parsed url   auth: null,
29 verbose parsed url   host: null,
29 verbose parsed url   port: null,
29 verbose parsed url   hostname: null,
29 verbose parsed url   hash: null,
29 verbose parsed url   search: null,
29 verbose parsed url   query: null,
29 verbose parsed url   pathname: 'babel/cli@^7.8.0',
29 verbose parsed url   path: 'babel/cli@^7.8.0',
29 verbose parsed url   href: 'babel/cli@^7.8.0' }
30 verbose cache add name="babel/cli" spec="^7.8.0" args=["babel/cli","^7.8.0"]
31 verbose parsed url { protocol: null,
31 verbose parsed url   slashes: null,
31 verbose parsed url   auth: null,
31 verbose parsed url   host: null,
31 verbose parsed url   port: null,
31 verbose parsed url   hostname: null,
31 verbose parsed url   hash: null,
31 verbose parsed url   search: null,
31 verbose parsed url   query: null,
31 verbose parsed url   pathname: '^7.8.0',
31 verbose parsed url   path: '^7.8.0',
31 verbose parsed url   href: '^7.8.0' }
32 verbose addNamed [ 'babel/cli', '^7.8.0' ]
33 verbose addNamed [ null, '>=7.8.0-0 <8.0.0-0' ]
34 silly lockFile 51603d93-babel-cli-7-8-0 babel/cli@^7.8.0
35 verbose lock babel/cli@^7.8.0 /root/.npm/51603d93-babel-cli-7-8-0.lock
36 silly lockFile 5be475a8-redis-2-8-0 redis@^2.8.0
37 verbose lock redis@^2.8.0 /root/.npm/5be475a8-redis-2-8-0.lock
38 verbose cache add [ '@babel/core@^7.8.0', null ]
39 verbose cache add name=undefined spec="@babel/core@^7.8.0" args=["@babel/core@^7.8.0",null]
40 verbose parsed url { protocol: null,
40 verbose parsed url   slashes: null,
40 verbose parsed url   auth: null,
40 verbose parsed url   host: null,
40 verbose parsed url   port: null,
40 verbose parsed url   hostname: null,
40 verbose parsed url   hash: null,
40 verbose parsed url   search: null,
40 verbose parsed url   query: null,
40 verbose parsed url   pathname: '@babel/core@^7.8.0',
40 verbose parsed url   path: '@babel/core@^7.8.0',
40 verbose parsed url   href: '@babel/core@^7.8.0' }
41 verbose cache add name="" spec="babel/core@^7.8.0" args=["","babel/core@^7.8.0"]
42 verbose parsed url { protocol: null,
42 verbose parsed url   slashes: null,
42 verbose parsed url   auth: null,
42 verbose parsed url   host: null,
42 verbose parsed url   port: null,
42 verbose parsed url   hostname: null,
42 verbose parsed url   hash: null,
42 verbose parsed url   search: null,
42 verbose parsed url   query: null,
42 verbose parsed url   pathname: 'babel/core@^7.8.0',
42 verbose parsed url   path: 'babel/core@^7.8.0',
42 verbose parsed url   href: 'babel/core@^7.8.0' }
43 verbose cache add name="babel/core" spec="^7.8.0" args=["babel/core","^7.8.0"]
44 verbose parsed url { protocol: null,
44 verbose parsed url   slashes: null,
44 verbose parsed url   auth: null,
44 verbose parsed url   host: null,
44 verbose parsed url   port: null,
44 verbose parsed url   hostname: null,
44 verbose parsed url   hash: null,
44 verbose parsed url   search: null,
44 verbose parsed url   query: null,
44 verbose parsed url   pathname: '^7.8.0',
44 verbose parsed url   path: '^7.8.0',
44 verbose parsed url   href: '^7.8.0' }
45 verbose addNamed [ 'babel/core', '^7.8.0' ]
46 verbose addNamed [ null, '>=7.8.0-0 <8.0.0-0' ]
47 silly lockFile f2cc40f3-babel-core-7-8-0 babel/core@^7.8.0
48 verbose lock babel/core@^7.8.0 /root/.npm/f2cc40f3-babel-core-7-8-0.lock
49 silly addNameRange { name: 'kue', range: '>=0.11.6-0 <0.12.0-0', hasData: false }
50 verbose cache add [ '@babel/node@^7.8.0', null ]
51 verbose cache add name=undefined spec="@babel/node@^7.8.0" args=["@babel/node@^7.8.0",null]
52 verbose parsed url { protocol: null,
52 verbose parsed url   slashes: null,
52 verbose parsed url   auth: null,
52 verbose parsed url   host: null,
52 verbose parsed url   port: null,
52 verbose parsed url   hostname: null,
52 verbose parsed url   hash: null,
52 verbose parsed url   search: null,
52 verbose parsed url   query: null,
52 verbose parsed url   pathname: '@babel/node@^7.8.0',
52 verbose parsed url   path: '@babel/node@^7.8.0',
52 verbose parsed url   href: '@babel/node@^7.8.0' }
53 verbose cache add name="" spec="babel/node@^7.8.0" args=["","babel/node@^7.8.0"]
54 verbose parsed url { protocol: null,
54 verbose parsed url   slashes: null,
54 verbose parsed url   auth: null,
54 verbose parsed url   host: null,
54 verbose parsed url   port: null,
54 verbose parsed url   hostname: null,
54 verbose parsed url   hash: null,
54 verbose parsed url   search: null,
54 verbose parsed url   query: null,
54 verbose parsed url   pathname: 'babel/node@^7.8.0',
54 verbose parsed url   path: 'babel/node@^7.8.0',
54 verbose parsed url   href: 'babel/node@^7.8.0' }
55 verbose cache add name="babel/node" spec="^7.8.0" args=["babel/node","^7.8.0"]
56 verbose parsed url { protocol: null,
56 verbose parsed url   slashes: null,
56 verbose parsed url   auth: null,
56 verbose parsed url   host: null,
56 verbose parsed url   port: null,
56 verbose parsed url   hostname: null,
56 verbose parsed url   hash: null,
56 verbose parsed url   search: null,
56 verbose parsed url   query: null,
56 verbose parsed url   pathname: '^7.8.0',
56 verbose parsed url   path: '^7.8.0',
56 verbose parsed url   href: '^7.8.0' }
57 verbose addNamed [ 'babel/node', '^7.8.0' ]
58 verbose addNamed [ null, '>=7.8.0-0 <8.0.0-0' ]
59 silly lockFile 368556b6-babel-node-7-8-0 babel/node@^7.8.0
60 verbose lock babel/node@^7.8.0 /root/.npm/368556b6-babel-node-7-8-0.lock
61 verbose cache add [ '@babel/preset-env@^7.8.2', null ]
62 verbose cache add name=undefined spec="@babel/preset-env@^7.8.2" args=["@babel/preset-env@^7.8.2",null]
63 verbose parsed url { protocol: null,
63 verbose parsed url   slashes: null,
63 verbose parsed url   auth: null,
63 verbose parsed url   host: null,
63 verbose parsed url   port: null,
63 verbose parsed url   hostname: null,
63 verbose parsed url   hash: null,
63 verbose parsed url   search: null,
63 verbose parsed url   query: null,
63 verbose parsed url   pathname: '@babel/preset-env@^7.8.2',
63 verbose parsed url   path: '@babel/preset-env@^7.8.2',
63 verbose parsed url   href: '@babel/preset-env@^7.8.2' }
64 verbose cache add name="" spec="babel/preset-env@^7.8.2" args=["","babel/preset-env@^7.8.2"]
65 verbose parsed url { protocol: null,
65 verbose parsed url   slashes: null,
65 verbose parsed url   auth: null,
65 verbose parsed url   host: null,
65 verbose parsed url   port: null,
65 verbose parsed url   hostname: null,
65 verbose parsed url   hash: null,
65 verbose parsed url   search: null,
65 verbose parsed url   query: null,
65 verbose parsed url   pathname: 'babel/preset-env@^7.8.2',
65 verbose parsed url   path: 'babel/preset-env@^7.8.2',
65 verbose parsed url   href: 'babel/preset-env@^7.8.2' }
66 verbose cache add name="babel/preset-env" spec="^7.8.2" args=["babel/preset-env","^7.8.2"]
67 verbose parsed url { protocol: null,
67 verbose parsed url   slashes: null,
67 verbose parsed url   auth: null,
67 verbose parsed url   host: null,
67 verbose parsed url   port: null,
67 verbose parsed url   hostname: null,
67 verbose parsed url   hash: null,
67 verbose parsed url   search: null,
67 verbose parsed url   query: null,
67 verbose parsed url   pathname: '^7.8.2',
67 verbose parsed url   path: '^7.8.2',
67 verbose parsed url   href: '^7.8.2' }
68 verbose addNamed [ 'babel/preset-env', '^7.8.2' ]
69 verbose addNamed [ null, '>=7.8.2-0 <8.0.0-0' ]
70 silly lockFile 2a87039e-babel-preset-env-7-8-2 babel/preset-env@^7.8.2
71 verbose lock babel/preset-env@^7.8.2 /root/.npm/2a87039e-babel-preset-env-7-8-2.lock
72 verbose cache add [ '@babel/register@^7.8.0', null ]
73 verbose cache add name=undefined spec="@babel/register@^7.8.0" args=["@babel/register@^7.8.0",null]
74 verbose parsed url { protocol: null,
74 verbose parsed url   slashes: null,
74 verbose parsed url   auth: null,
74 verbose parsed url   host: null,
74 verbose parsed url   port: null,
74 verbose parsed url   hostname: null,
74 verbose parsed url   hash: null,
74 verbose parsed url   search: null,
74 verbose parsed url   query: null,
74 verbose parsed url   pathname: '@babel/register@^7.8.0',
74 verbose parsed url   path: '@babel/register@^7.8.0',
74 verbose parsed url   href: '@babel/register@^7.8.0' }
75 verbose cache add name="" spec="babel/register@^7.8.0" args=["","babel/register@^7.8.0"]
76 verbose parsed url { protocol: null,
76 verbose parsed url   slashes: null,
76 verbose parsed url   auth: null,
76 verbose parsed url   host: null,
76 verbose parsed url   port: null,
76 verbose parsed url   hostname: null,
76 verbose parsed url   hash: null,
76 verbose parsed url   search: null,
76 verbose parsed url   query: null,
76 verbose parsed url   pathname: 'babel/register@^7.8.0',
76 verbose parsed url   path: 'babel/register@^7.8.0',
76 verbose parsed url   href: 'babel/register@^7.8.0' }
77 verbose cache add name="babel/register" spec="^7.8.0" args=["babel/register","^7.8.0"]
78 verbose parsed url { protocol: null,
78 verbose parsed url   slashes: null,
78 verbose parsed url   auth: null,
78 verbose parsed url   host: null,
78 verbose parsed url   port: null,
78 verbose parsed url   hostname: null,
78 verbose parsed url   hash: null,
78 verbose parsed url   search: null,
78 verbose parsed url   query: null,
78 verbose parsed url   pathname: '^7.8.0',
78 verbose parsed url   path: '^7.8.0',
78 verbose parsed url   href: '^7.8.0' }
79 verbose addNamed [ 'babel/register', '^7.8.0' ]
80 verbose addNamed [ null, '>=7.8.0-0 <8.0.0-0' ]
81 silly lockFile 92e52e82-babel-register-7-8-0 babel/register@^7.8.0
82 verbose lock babel/register@^7.8.0 /root/.npm/92e52e82-babel-register-7-8-0.lock
83 silly addNameRange { name: 'babel/cli',
83 silly addNameRange   range: '>=7.8.0-0 <8.0.0-0',
83 silly addNameRange   hasData: false }
84 silly addNameRange { name: 'redis', range: '>=2.8.0-0 <3.0.0-0', hasData: false }
85 verbose url raw kue
86 verbose url resolving [ 'https://registry.npmjs.org/', './kue' ]
87 verbose url resolved https://registry.npmjs.org/kue
88 info trying registry request attempt 1 at 05:14:22
89 http GET https://registry.npmjs.org/kue
90 verbose cache add [ 'eslint@^6.4.0', null ]
91 verbose cache add name=undefined spec="eslint@^6.4.0" args=["eslint@^6.4.0",null]
92 verbose parsed url { protocol: null,
92 verbose parsed url   slashes: null,
92 verbose parsed url   auth: null,
92 verbose parsed url   host: null,
92 verbose parsed url   port: null,
92 verbose parsed url   hostname: null,
92 verbose parsed url   hash: null,
92 verbose parsed url   search: null,
92 verbose parsed url   query: null,
92 verbose parsed url   pathname: 'eslint@^6.4.0',
92 verbose parsed url   path: 'eslint@^6.4.0',
92 verbose parsed url   href: 'eslint@^6.4.0' }
93 verbose cache add name="eslint" spec="^6.4.0" args=["eslint","^6.4.0"]
94 verbose parsed url { protocol: null,
94 verbose parsed url   slashes: null,
94 verbose parsed url   auth: null,
94 verbose parsed url   host: null,
94 verbose parsed url   port: null,
94 verbose parsed url   hostname: null,
94 verbose parsed url   hash: null,
94 verbose parsed url   search: null,
94 verbose parsed url   query: null,
94 verbose parsed url   pathname: '^6.4.0',
94 verbose parsed url   path: '^6.4.0',
94 verbose parsed url   href: '^6.4.0' }
95 verbose addNamed [ 'eslint', '^6.4.0' ]
96 verbose addNamed [ null, '>=6.4.0-0 <7.0.0-0' ]
97 silly lockFile 14dcce51-eslint-6-4-0 eslint@^6.4.0
98 verbose lock eslint@^6.4.0 /root/.npm/14dcce51-eslint-6-4-0.lock
99 verbose cache add [ 'eslint-config-airbnb-base@^14.0.0', null ]
100 verbose cache add name=undefined spec="eslint-config-airbnb-base@^14.0.0" args=["eslint-config-airbnb-base@^14.0.0",null]
101 verbose parsed url { protocol: null,
101 verbose parsed url   slashes: null,
101 verbose parsed url   auth: null,
101 verbose parsed url   host: null,
101 verbose parsed url   port: null,
101 verbose parsed url   hostname: null,
101 verbose parsed url   hash: null,
101 verbose parsed url   search: null,
101 verbose parsed url   query: null,
101 verbose parsed url   pathname: 'eslint-config-airbnb-base@^14.0.0',
101 verbose parsed url   path: 'eslint-config-airbnb-base@^14.0.0',
101 verbose parsed url   href: 'eslint-config-airbnb-base@^14.0.0' }
102 verbose cache add name="eslint-config-airbnb-base" spec="^14.0.0" args=["eslint-config-airbnb-base","^14.0.0"]
103 verbose parsed url { protocol: null,
103 verbose parsed url   slashes: null,
103 verbose parsed url   auth: null,
103 verbose parsed url   host: null,
103 verbose parsed url   port: null,
103 verbose parsed url   hostname: null,
103 verbose parsed url   hash: null,
103 verbose parsed url   search: null,
103 verbose parsed url   query: null,
103 verbose parsed url   pathname: '^14.0.0',
103 verbose parsed url   path: '^14.0.0',
103 verbose parsed url   href: '^14.0.0' }
104 verbose addNamed [ 'eslint-config-airbnb-base', '^14.0.0' ]
105 verbose addNamed [ null, '>=14.0.0-0 <15.0.0-0' ]
106 silly lockFile c55c535b-eslint-config-airbnb-base-14-0-0 eslint-config-airbnb-base@^14.0.0
107 verbose lock eslint-config-airbnb-base@^14.0.0 /root/.npm/c55c535b-eslint-config-airbnb-base-14-0-0.lock
108 verbose cache add [ 'eslint-plugin-import@^2.18.2', null ]
109 verbose cache add name=undefined spec="eslint-plugin-import@^2.18.2" args=["eslint-plugin-import@^2.18.2",null]
110 verbose parsed url { protocol: null,
110 verbose parsed url   slashes: null,
110 verbose parsed url   auth: null,
110 verbose parsed url   host: null,
110 verbose parsed url   port: null,
110 verbose parsed url   hostname: null,
110 verbose parsed url   hash: null,
110 verbose parsed url   search: null,
110 verbose parsed url   query: null,
110 verbose parsed url   pathname: 'eslint-plugin-import@^2.18.2',
110 verbose parsed url   path: 'eslint-plugin-import@^2.18.2',
110 verbose parsed url   href: 'eslint-plugin-import@^2.18.2' }
111 verbose cache add name="eslint-plugin-import" spec="^2.18.2" args=["eslint-plugin-import","^2.18.2"]
112 verbose parsed url { protocol: null,
112 verbose parsed url   slashes: null,
112 verbose parsed url   auth: null,
112 verbose parsed url   host: null,
112 verbose parsed url   port: null,
112 verbose parsed url   hostname: null,
112 verbose parsed url   hash: null,
112 verbose parsed url   search: null,
112 verbose parsed url   query: null,
112 verbose parsed url   pathname: '^2.18.2',
112 verbose parsed url   path: '^2.18.2',
112 verbose parsed url   href: '^2.18.2' }
113 verbose addNamed [ 'eslint-plugin-import', '^2.18.2' ]
114 verbose addNamed [ null, '>=2.18.2-0 <3.0.0-0' ]
115 silly lockFile b83dd719-eslint-plugin-import-2-18-2 eslint-plugin-import@^2.18.2
116 verbose lock eslint-plugin-import@^2.18.2 /root/.npm/b83dd719-eslint-plugin-import-2-18-2.lock
117 verbose cache add [ 'eslint-plugin-jest@^22.17.0', null ]
118 verbose cache add name=undefined spec="eslint-plugin-jest@^22.17.0" args=["eslint-plugin-jest@^22.17.0",null]
119 verbose parsed url { protocol: null,
119 verbose parsed url   slashes: null,
119 verbose parsed url   auth: null,
119 verbose parsed url   host: null,
119 verbose parsed url   port: null,
119 verbose parsed url   hostname: null,
119 verbose parsed url   hash: null,
119 verbose parsed url   search: null,
119 verbose parsed url   query: null,
119 verbose parsed url   pathname: 'eslint-plugin-jest@^22.17.0',
119 verbose parsed url   path: 'eslint-plugin-jest@^22.17.0',
119 verbose parsed url   href: 'eslint-plugin-jest@^22.17.0' }
120 verbose cache add name="eslint-plugin-jest" spec="^22.17.0" args=["eslint-plugin-jest","^22.17.0"]
121 verbose parsed url { protocol: null,
121 verbose parsed url   slashes: null,
121 verbose parsed url   auth: null,
121 verbose parsed url   host: null,
121 verbose parsed url   port: null,
121 verbose parsed url   hostname: null,
121 verbose parsed url   hash: null,
121 verbose parsed url   search: null,
121 verbose parsed url   query: null,
121 verbose parsed url   pathname: '^22.17.0',
121 verbose parsed url   path: '^22.17.0',
121 verbose parsed url   href: '^22.17.0' }
122 verbose addNamed [ 'eslint-plugin-jest', '^22.17.0' ]
123 verbose addNamed [ null, '>=22.17.0-0 <23.0.0-0' ]
124 silly lockFile d84ab553-eslint-plugin-jest-22-17-0 eslint-plugin-jest@^22.17.0
125 verbose lock eslint-plugin-jest@^22.17.0 /root/.npm/d84ab553-eslint-plugin-jest-22-17-0.lock
126 verbose cache add [ 'nodemon@^2.0.2', null ]
127 verbose cache add name=undefined spec="nodemon@^2.0.2" args=["nodemon@^2.0.2",null]
128 verbose parsed url { protocol: null,
128 verbose parsed url   slashes: null,
128 verbose parsed url   auth: null,
128 verbose parsed url   host: null,
128 verbose parsed url   port: null,
128 verbose parsed url   hostname: null,
128 verbose parsed url   hash: null,
128 verbose parsed url   search: null,
128 verbose parsed url   query: null,
128 verbose parsed url   pathname: 'nodemon@^2.0.2',
128 verbose parsed url   path: 'nodemon@^2.0.2',
128 verbose parsed url   href: 'nodemon@^2.0.2' }
129 verbose cache add name="nodemon" spec="^2.0.2" args=["nodemon","^2.0.2"]
130 verbose parsed url { protocol: null,
130 verbose parsed url   slashes: null,
130 verbose parsed url   auth: null,
130 verbose parsed url   host: null,
130 verbose parsed url   port: null,
130 verbose parsed url   hostname: null,
130 verbose parsed url   hash: null,
130 verbose parsed url   search: null,
130 verbose parsed url   query: null,
130 verbose parsed url   pathname: '^2.0.2',
130 verbose parsed url   path: '^2.0.2',
130 verbose parsed url   href: '^2.0.2' }
131 verbose addNamed [ 'nodemon', '^2.0.2' ]
132 verbose addNamed [ null, '>=2.0.2-0 <3.0.0-0' ]
133 silly lockFile 301bee90-nodemon-2-0-2 nodemon@^2.0.2
134 verbose lock nodemon@^2.0.2 /root/.npm/301bee90-nodemon-2-0-2.lock
135 verbose cache add [ 'chai@^4.2.0', null ]
136 verbose cache add name=undefined spec="chai@^4.2.0" args=["chai@^4.2.0",null]
137 verbose parsed url { protocol: null,
137 verbose parsed url   slashes: null,
137 verbose parsed url   auth: null,
137 verbose parsed url   host: null,
137 verbose parsed url   port: null,
137 verbose parsed url   hostname: null,
137 verbose parsed url   hash: null,
137 verbose parsed url   search: null,
137 verbose parsed url   query: null,
137 verbose parsed url   pathname: 'chai@^4.2.0',
137 verbose parsed url   path: 'chai@^4.2.0',
137 verbose parsed url   href: 'chai@^4.2.0' }
138 verbose cache add name="chai" spec="^4.2.0" args=["chai","^4.2.0"]
139 verbose parsed url { protocol: null,
139 verbose parsed url   slashes: null,
139 verbose parsed url   auth: null,
139 verbose parsed url   host: null,
139 verbose parsed url   port: null,
139 verbose parsed url   hostname: null,
139 verbose parsed url   hash: null,
139 verbose parsed url   search: null,
139 verbose parsed url   query: null,
139 verbose parsed url   pathname: '^4.2.0',
139 verbose parsed url   path: '^4.2.0',
139 verbose parsed url   href: '^4.2.0' }
140 verbose addNamed [ 'chai', '^4.2.0' ]
141 verbose addNamed [ null, '>=4.2.0-0 <5.0.0-0' ]
142 silly lockFile 35088557-chai-4-2-0 chai@^4.2.0
143 verbose lock chai@^4.2.0 /root/.npm/35088557-chai-4-2-0.lock
144 verbose cache add [ 'mocha@^6.2.2', null ]
145 verbose cache add name=undefined spec="mocha@^6.2.2" args=["mocha@^6.2.2",null]
146 verbose parsed url { protocol: null,
146 verbose parsed url   slashes: null,
146 verbose parsed url   auth: null,
146 verbose parsed url   host: null,
146 verbose parsed url   port: null,
146 verbose parsed url   hostname: null,
146 verbose parsed url   hash: null,
146 verbose parsed url   search: null,
146 verbose parsed url   query: null,
146 verbose parsed url   pathname: 'mocha@^6.2.2',
146 verbose parsed url   path: 'mocha@^6.2.2',
146 verbose parsed url   href: 'mocha@^6.2.2' }
147 verbose cache add name="mocha" spec="^6.2.2" args=["mocha","^6.2.2"]
148 verbose parsed url { protocol: null,
148 verbose parsed url   slashes: null,
148 verbose parsed url   auth: null,
148 verbose parsed url   host: null,
148 verbose parsed url   port: null,
148 verbose parsed url   hostname: null,
148 verbose parsed url   hash: null,
148 verbose parsed url   search: null,
148 verbose parsed url   query: null,
148 verbose parsed url   pathname: '^6.2.2',
148 verbose parsed url   path: '^6.2.2',
148 verbose parsed url   href: '^6.2.2' }
149 verbose addNamed [ 'mocha', '^6.2.2' ]
150 verbose addNamed [ null, '>=6.2.2-0 <7.0.0-0' ]
151 silly lockFile 5c372dc9-mocha-6-2-2 mocha@^6.2.2
152 verbose lock mocha@^6.2.2 /root/.npm/5c372dc9-mocha-6-2-2.lock
153 verbose cache add [ 'request@^2.88.0', null ]
154 verbose cache add name=undefined spec="request@^2.88.0" args=["request@^2.88.0",null]
155 verbose parsed url { protocol: null,
155 verbose parsed url   slashes: null,
155 verbose parsed url   auth: null,
155 verbose parsed url   host: null,
155 verbose parsed url   port: null,
155 verbose parsed url   hostname: null,
155 verbose parsed url   hash: null,
155 verbose parsed url   search: null,
155 verbose parsed url   query: null,
155 verbose parsed url   pathname: 'request@^2.88.0',
155 verbose parsed url   path: 'request@^2.88.0',
155 verbose parsed url   href: 'request@^2.88.0' }
156 verbose cache add name="request" spec="^2.88.0" args=["request","^2.88.0"]
157 verbose parsed url { protocol: null,
157 verbose parsed url   slashes: null,
157 verbose parsed url   auth: null,
157 verbose parsed url   host: null,
157 verbose parsed url   port: null,
157 verbose parsed url   hostname: null,
157 verbose parsed url   hash: null,
157 verbose parsed url   search: null,
157 verbose parsed url   query: null,
157 verbose parsed url   pathname: '^2.88.0',
157 verbose parsed url   path: '^2.88.0',
157 verbose parsed url   href: '^2.88.0' }
158 verbose addNamed [ 'request', '^2.88.0' ]
159 verbose addNamed [ null, '>=2.88.0-0 <3.0.0-0' ]
160 silly lockFile f9a4fdd4-request-2-88-0 request@^2.88.0
161 verbose lock request@^2.88.0 /root/.npm/f9a4fdd4-request-2-88-0.lock
162 verbose cache add [ 'sinon@^7.5.0', null ]
163 verbose cache add name=undefined spec="sinon@^7.5.0" args=["sinon@^7.5.0",null]
164 verbose parsed url { protocol: null,
164 verbose parsed url   slashes: null,
164 verbose parsed url   auth: null,
164 verbose parsed url   host: null,
164 verbose parsed url   port: null,
164 verbose parsed url   hostname: null,
164 verbose parsed url   hash: null,
164 verbose parsed url   search: null,
164 verbose parsed url   query: null,
164 verbose parsed url   pathname: 'sinon@^7.5.0',
164 verbose parsed url   path: 'sinon@^7.5.0',
164 verbose parsed url   href: 'sinon@^7.5.0' }
165 verbose cache add name="sinon" spec="^7.5.0" args=["sinon","^7.5.0"]
166 verbose parsed url { protocol: null,
166 verbose parsed url   slashes: null,
166 verbose parsed url   auth: null,
166 verbose parsed url   host: null,
166 verbose parsed url   port: null,
166 verbose parsed url   hostname: null,
166 verbose parsed url   hash: null,
166 verbose parsed url   search: null,
166 verbose parsed url   query: null,
166 verbose parsed url   pathname: '^7.5.0',
166 verbose parsed url   path: '^7.5.0',
166 verbose parsed url   href: '^7.5.0' }
167 verbose addNamed [ 'sinon', '^7.5.0' ]
168 verbose addNamed [ null, '>=7.5.0-0 <8.0.0-0' ]
169 silly lockFile 01297580-sinon-7-5-0 sinon@^7.5.0
170 verbose lock sinon@^7.5.0 /root/.npm/01297580-sinon-7-5-0.lock
171 verbose cache add [ 'chai-http@^4.3.0', null ]
172 verbose cache add name=undefined spec="chai-http@^4.3.0" args=["chai-http@^4.3.0",null]
173 verbose parsed url { protocol: null,
173 verbose parsed url   slashes: null,
173 verbose parsed url   auth: null,
173 verbose parsed url   host: null,
173 verbose parsed url   port: null,
173 verbose parsed url   hostname: null,
173 verbose parsed url   hash: null,
173 verbose parsed url   search: null,
173 verbose parsed url   query: null,
173 verbose parsed url   pathname: 'chai-http@^4.3.0',
173 verbose parsed url   path: 'chai-http@^4.3.0',
173 verbose parsed url   href: 'chai-http@^4.3.0' }
174 verbose cache add name="chai-http" spec="^4.3.0" args=["chai-http","^4.3.0"]
175 verbose parsed url { protocol: null,
175 verbose parsed url   slashes: null,
175 verbose parsed url   auth: null,
175 verbose parsed url   host: null,
175 verbose parsed url   port: null,
175 verbose parsed url   hostname: null,
175 verbose parsed url   hash: null,
175 verbose parsed url   search: null,
175 verbose parsed url   query: null,
175 verbose parsed url   pathname: '^4.3.0',
175 verbose parsed url   path: '^4.3.0',
175 verbose parsed url   href: '^4.3.0' }
176 verbose addNamed [ 'chai-http', '^4.3.0' ]
177 verbose addNamed [ null, '>=4.3.0-0 <5.0.0-0' ]
178 silly lockFile 93a762bf-chai-http-4-3-0 chai-http@^4.3.0
179 verbose lock chai-http@^4.3.0 /root/.npm/93a762bf-chai-http-4-3-0.lock
180 verbose cache add [ 'express@^4.17.1', null ]
181 verbose cache add name=undefined spec="express@^4.17.1" args=["express@^4.17.1",null]
182 verbose parsed url { protocol: null,
182 verbose parsed url   slashes: null,
182 verbose parsed url   auth: null,
182 verbose parsed url   host: null,
182 verbose parsed url   port: null,
182 verbose parsed url   hostname: null,
182 verbose parsed url   hash: null,
182 verbose parsed url   search: null,
182 verbose parsed url   query: null,
182 verbose parsed url   pathname: 'express@^4.17.1',
182 verbose parsed url   path: 'express@^4.17.1',
182 verbose parsed url   href: 'express@^4.17.1' }
183 verbose cache add name="express" spec="^4.17.1" args=["express","^4.17.1"]
184 verbose parsed url { protocol: null,
184 verbose parsed url   slashes: null,
184 verbose parsed url   auth: null,
184 verbose parsed url   host: null,
184 verbose parsed url   port: null,
184 verbose parsed url   hostname: null,
184 verbose parsed url   hash: null,
184 verbose parsed url   search: null,
184 verbose parsed url   query: null,
184 verbose parsed url   pathname: '^4.17.1',
184 verbose parsed url   path: '^4.17.1',
184 verbose parsed url   href: '^4.17.1' }
185 verbose addNamed [ 'express', '^4.17.1' ]
186 verbose addNamed [ null, '>=4.17.1-0 <5.0.0-0' ]
187 silly lockFile 462f207e-express-4-17-1 express@^4.17.1
188 verbose lock express@^4.17.1 /root/.npm/462f207e-express-4-17-1.lock
189 silly addNameRange { name: 'babel/core',
189 silly addNameRange   range: '>=7.8.0-0 <8.0.0-0',
189 silly addNameRange   hasData: false }
190 verbose url raw babel/cli
191 verbose url resolving [ 'https://registry.npmjs.org/', './babel/cli' ]
192 verbose url resolved https://registry.npmjs.org/babel/cli
193 info trying registry request attempt 1 at 05:14:23
194 http GET https://registry.npmjs.org/babel/cli
195 verbose url raw redis
196 verbose url resolving [ 'https://registry.npmjs.org/', './redis' ]
197 verbose url resolved https://registry.npmjs.org/redis
198 info trying registry request attempt 1 at 05:14:23
199 http GET https://registry.npmjs.org/redis
200 silly addNameRange { name: 'babel/node',
200 silly addNameRange   range: '>=7.8.0-0 <8.0.0-0',
200 silly addNameRange   hasData: false }
201 silly addNameRange { name: 'babel/preset-env',
201 silly addNameRange   range: '>=7.8.2-0 <8.0.0-0',
201 silly addNameRange   hasData: false }
202 silly addNameRange { name: 'babel/register',
202 silly addNameRange   range: '>=7.8.0-0 <8.0.0-0',
202 silly addNameRange   hasData: false }
203 verbose url raw babel/core
204 verbose url resolving [ 'https://registry.npmjs.org/', './babel/core' ]
205 verbose url resolved https://registry.npmjs.org/babel/core
206 info trying registry request attempt 1 at 05:14:23
207 http GET https://registry.npmjs.org/babel/core
208 verbose url raw babel/node
209 verbose url resolving [ 'https://registry.npmjs.org/', './babel/node' ]
210 verbose url resolved https://registry.npmjs.org/babel/node
211 info trying registry request attempt 1 at 05:14:23
212 http GET https://registry.npmjs.org/babel/node
213 verbose url raw babel/preset-env
214 verbose url resolving [ 'https://registry.npmjs.org/', './babel/preset-env' ]
215 verbose url resolved https://registry.npmjs.org/babel/preset-env
216 info trying registry request attempt 1 at 05:14:23
217 http GET https://registry.npmjs.org/babel/preset-env
218 silly addNameRange { name: 'eslint', range: '>=6.4.0-0 <7.0.0-0', hasData: false }
219 silly addNameRange { name: 'eslint-config-airbnb-base',
219 silly addNameRange   range: '>=14.0.0-0 <15.0.0-0',
219 silly addNameRange   hasData: false }
220 silly addNameRange { name: 'eslint-plugin-import',
220 silly addNameRange   range: '>=2.18.2-0 <3.0.0-0',
220 silly addNameRange   hasData: false }
221 silly addNameRange { name: 'eslint-plugin-jest',
221 silly addNameRange   range: '>=22.17.0-0 <23.0.0-0',
221 silly addNameRange   hasData: false }
222 silly addNameRange { name: 'nodemon', range: '>=2.0.2-0 <3.0.0-0', hasData: false }
223 silly addNameRange { name: 'chai', range: '>=4.2.0-0 <5.0.0-0', hasData: false }
224 silly addNameRange { name: 'mocha', range: '>=6.2.2-0 <7.0.0-0', hasData: false }
225 silly addNameRange { name: 'request', range: '>=2.88.0-0 <3.0.0-0', hasData: false }
226 silly addNameRange { name: 'sinon', range: '>=7.5.0-0 <8.0.0-0', hasData: false }
227 silly addNameRange { name: 'chai-http',
227 silly addNameRange   range: '>=4.3.0-0 <5.0.0-0',
227 silly addNameRange   hasData: false }
228 silly addNameRange { name: 'express', range: '>=4.17.1-0 <5.0.0-0', hasData: false }
229 verbose url raw babel/register
230 verbose url resolving [ 'https://registry.npmjs.org/', './babel/register' ]
231 verbose url resolved https://registry.npmjs.org/babel/register
232 info trying registry request attempt 1 at 05:14:23
233 http GET https://registry.npmjs.org/babel/register
234 verbose url raw eslint
235 verbose url resolving [ 'https://registry.npmjs.org/', './eslint' ]
236 verbose url resolved https://registry.npmjs.org/eslint
237 info trying registry request attempt 1 at 05:14:23
238 http GET https://registry.npmjs.org/eslint
239 verbose url raw eslint-config-airbnb-base
240 verbose url resolving [ 'https://registry.npmjs.org/', './eslint-config-airbnb-base' ]
241 verbose url resolved https://registry.npmjs.org/eslint-config-airbnb-base
242 info trying registry request attempt 1 at 05:14:23
243 http GET https://registry.npmjs.org/eslint-config-airbnb-base
244 verbose url raw eslint-plugin-import
245 verbose url resolving [ 'https://registry.npmjs.org/', './eslint-plugin-import' ]
246 verbose url resolved https://registry.npmjs.org/eslint-plugin-import
247 info trying registry request attempt 1 at 05:14:23
248 http GET https://registry.npmjs.org/eslint-plugin-import
249 verbose url raw eslint-plugin-jest
250 verbose url resolving [ 'https://registry.npmjs.org/', './eslint-plugin-jest' ]
251 verbose url resolved https://registry.npmjs.org/eslint-plugin-jest
252 info trying registry request attempt 1 at 05:14:23
253 http GET https://registry.npmjs.org/eslint-plugin-jest
254 verbose url raw nodemon
255 verbose url resolving [ 'https://registry.npmjs.org/', './nodemon' ]
256 verbose url resolved https://registry.npmjs.org/nodemon
257 info trying registry request attempt 1 at 05:14:23
258 http GET https://registry.npmjs.org/nodemon
259 verbose url raw chai
260 verbose url resolving [ 'https://registry.npmjs.org/', './chai' ]
261 verbose url resolved https://registry.npmjs.org/chai
262 info trying registry request attempt 1 at 05:14:23
263 http GET https://registry.npmjs.org/chai
264 verbose url raw mocha
265 verbose url resolving [ 'https://registry.npmjs.org/', './mocha' ]
266 verbose url resolved https://registry.npmjs.org/mocha
267 info trying registry request attempt 1 at 05:14:23
268 http GET https://registry.npmjs.org/mocha
269 verbose url raw request
270 verbose url resolving [ 'https://registry.npmjs.org/', './request' ]
271 verbose url resolved https://registry.npmjs.org/request
272 info trying registry request attempt 1 at 05:14:23
273 http GET https://registry.npmjs.org/request
274 verbose url raw sinon
275 verbose url resolving [ 'https://registry.npmjs.org/', './sinon' ]
276 verbose url resolved https://registry.npmjs.org/sinon
277 info trying registry request attempt 1 at 05:14:23
278 http GET https://registry.npmjs.org/sinon
279 verbose url raw chai-http
280 verbose url resolving [ 'https://registry.npmjs.org/', './chai-http' ]
281 verbose url resolved https://registry.npmjs.org/chai-http
282 info trying registry request attempt 1 at 05:14:23
283 http GET https://registry.npmjs.org/chai-http
284 verbose url raw express
285 verbose url resolving [ 'https://registry.npmjs.org/', './express' ]
286 verbose url resolved https://registry.npmjs.org/express
287 info trying registry request attempt 1 at 05:14:23
288 http GET https://registry.npmjs.org/express
289 info retry will retry, error on last attempt: Error: CERT_UNTRUSTED
290 info retry will retry, error on last attempt: Error: CERT_UNTRUSTED
291 info retry will retry, error on last attempt: Error: CERT_UNTRUSTED
292 info retry will retry, error on last attempt: Error: CERT_UNTRUSTED
293 info retry will retry, error on last attempt: Error: CERT_UNTRUSTED
294 info retry will retry, error on last attempt: Error: CERT_UNTRUSTED
295 info retry will retry, error on last attempt: Error: CERT_UNTRUSTED
296 info retry will retry, error on last attempt: Error: CERT_UNTRUSTED
297 info retry will retry, error on last attempt: Error: CERT_UNTRUSTED
298 info retry will retry, error on last attempt: Error: CERT_UNTRUSTED
299 info retry will retry, error on last attempt: Error: CERT_UNTRUSTED
300 info retry will retry, error on last attempt: Error: CERT_UNTRUSTED
301 info retry will retry, error on last attempt: Error: CERT_UNTRUSTED
302 info retry will retry, error on last attempt: Error: CERT_UNTRUSTED
303 info retry will retry, error on last attempt: Error: CERT_UNTRUSTED
304 info retry will retry, error on last attempt: Error: CERT_UNTRUSTED
305 info retry will retry, error on last attempt: Error: CERT_UNTRUSTED
306 info retry will retry, error on last attempt: Error: CERT_UNTRUSTED
307 info trying registry request attempt 2 at 05:14:33
308 http GET https://registry.npmjs.org/kue
309 info retry will retry, error on last attempt: Error: CERT_UNTRUSTED
310 info trying registry request attempt 2 at 05:14:33
311 http GET https://registry.npmjs.org/babel/cli
312 info trying registry request attempt 2 at 05:14:33
313 http GET https://registry.npmjs.org/babel/core
314 info trying registry request attempt 2 at 05:14:33
315 http GET https://registry.npmjs.org/redis
316 info retry will retry, error on last attempt: Error: CERT_UNTRUSTED
317 info retry will retry, error on last attempt: Error: CERT_UNTRUSTED
318 info retry will retry, error on last attempt: Error: CERT_UNTRUSTED
319 info trying registry request attempt 2 at 05:14:33
320 http GET https://registry.npmjs.org/babel/node
321 info retry will retry, error on last attempt: Error: CERT_UNTRUSTED
322 info trying registry request attempt 2 at 05:14:33
323 http GET https://registry.npmjs.org/eslint-config-airbnb-base
324 info trying registry request attempt 2 at 05:14:33
325 http GET https://registry.npmjs.org/babel/preset-env
326 info trying registry request attempt 2 at 05:14:33
327 http GET https://registry.npmjs.org/babel/register
328 info retry will retry, error on last attempt: Error: CERT_UNTRUSTED
329 info retry will retry, error on last attempt: Error: CERT_UNTRUSTED
330 info trying registry request attempt 2 at 05:14:33
331 http GET https://registry.npmjs.org/eslint-plugin-import
332 info retry will retry, error on last attempt: Error: CERT_UNTRUSTED
333 info trying registry request attempt 2 at 05:14:33
334 http GET https://registry.npmjs.org/eslint
335 info retry will retry, error on last attempt: Error: CERT_UNTRUSTED
336 info retry will retry, error on last attempt: Error: CERT_UNTRUSTED
337 info trying registry request attempt 2 at 05:14:34
338 http GET https://registry.npmjs.org/nodemon
339 info trying registry request attempt 2 at 05:14:34
340 http GET https://registry.npmjs.org/request
341 info trying registry request attempt 2 at 05:14:34
342 http GET https://registry.npmjs.org/chai
343 info trying registry request attempt 2 at 05:14:34
344 http GET https://registry.npmjs.org/eslint-plugin-jest
345 info trying registry request attempt 2 at 05:14:34
346 http GET https://registry.npmjs.org/mocha
347 info retry will retry, error on last attempt: Error: CERT_UNTRUSTED
348 info retry will retry, error on last attempt: Error: CERT_UNTRUSTED
349 info retry will retry, error on last attempt: Error: CERT_UNTRUSTED
350 info trying registry request attempt 2 at 05:14:34
351 http GET https://registry.npmjs.org/express
352 info trying registry request attempt 2 at 05:14:34
353 http GET https://registry.npmjs.org/chai-http
354 info trying registry request attempt 2 at 05:14:34
355 http GET https://registry.npmjs.org/sinon
356 info retry will retry, error on last attempt: Error: CERT_UNTRUSTED
357 info retry will retry, error on last attempt: Error: CERT_UNTRUSTED
358 info retry will retry, error on last attempt: Error: CERT_UNTRUSTED
359 info retry will retry, error on last attempt: Error: CERT_UNTRUSTED
360 info retry will retry, error on last attempt: Error: CERT_UNTRUSTED
361 info trying registry request attempt 3 at 05:15:33
362 http GET https://registry.npmjs.org/kue
363 silly lockFile b9c7fdfa-kue-0-11-6 kue@^0.11.6
364 silly lockFile b9c7fdfa-kue-0-11-6 kue@^0.11.6
365 error Error: CERT_UNTRUSTED
365 error     at SecurePair.<anonymous> (tls.js:1370:32)
365 error     at SecurePair.EventEmitter.emit (events.js:92:17)
365 error     at SecurePair.maybeInitFinished (tls.js:982:10)
365 error     at CleartextStream.read [as _read] (tls.js:469:13)
365 error     at CleartextStream.Readable.read (_stream_readable.js:320:10)
365 error     at EncryptedStream.write [as _write] (tls.js:366:25)
365 error     at doWrite (_stream_writable.js:223:10)
365 error     at writeOrBuffer (_stream_writable.js:213:5)
365 error     at EncryptedStream.Writable.write (_stream_writable.js:180:11)
365 error     at write (_stream_readable.js:583:24)
365 error     at flow (_stream_readable.js:592:7)
365 error     at Socket.pipeOnReadable (_stream_readable.js:624:5)
366 error If you need help, you may report this log at:
366 error     <http://github.com/isaacs/npm/issues>
366 error or email it to:
366 error     <npm-@googlegroups.com>
367 error System Linux 5.4.0-1049-aws
368 error command "/usr/bin/nodejs" "/usr/bin/npm" "install"
369 error cwd /root/alx-backend/0x03-queuing_system_in_js
370 error node -v v0.10.25
371 error npm -v 1.3.10
372 verbose exit [ 1, true ]
